\BOOKMARK [0][-]{chapter.1}{\376\377\000A\000r\000c\000h\000i\000t\000e\000t\000t\000u\000r\000a}{}% 1
\BOOKMARK [1][-]{section.1.1}{\376\377\000S\000t\000r\000u\000t\000t\000u\000r\000a\000\040\000g\000e\000n\000e\000r\000a\000l\000e\000\040\000d\000e\000l\000\040\000p\000r\000o\000g\000e\000t\000t\000o}{chapter.1}% 2
\BOOKMARK [1][-]{section.1.2}{\376\377\000S\000t\000r\000u\000t\000t\000u\000r\000a\000\040\000g\000e\000n\000e\000r\000a\000l\000e\000\040\000d\000e\000i\000\040\000s\000e\000r\000v\000i\000z\000i}{chapter.1}% 3
\BOOKMARK [0][-]{chapter.2}{\376\377\000D\000e\000s\000c\000r\000i\000z\000i\000o\000n\000e\000\040\000s\000e\000r\000v\000i\000z\000i}{}% 4
\BOOKMARK [1][-]{section.2.1}{\376\377\000S\000e\000r\000v\000i\000z\000i\000o\000\040\000U\000t\000e\000n\000t\000i}{chapter.2}% 5
\BOOKMARK [2][-]{subsection.2.1.1}{\376\377\000C\000o\000n\000t\000r\000o\000l\000l\000e\000r}{section.2.1}% 6
\BOOKMARK [2][-]{subsection.2.1.2}{\376\377\000S\000e\000r\000v\000i\000c\000e}{section.2.1}% 7
\BOOKMARK [2][-]{subsection.2.1.3}{\376\377\000R\000e\000p\000o\000s\000i\000t\000o\000r\000y}{section.2.1}% 8
\BOOKMARK [2][-]{subsection.2.1.4}{\376\377\000U\000s\000e\000r}{section.2.1}% 9
\BOOKMARK [1][-]{section.2.2}{\376\377\000S\000e\000r\000v\000i\000z\000i\000o\000\040\000o\000p\000e\000r\000e}{chapter.2}% 10
\BOOKMARK [2][-]{subsection.2.2.1}{\376\377\000C\000o\000n\000f\000i\000g\000u\000r\000a\000t\000i\000o\000n}{section.2.2}% 11
\BOOKMARK [2][-]{subsection.2.2.2}{\376\377\000C\000o\000n\000t\000r\000o\000l\000l\000e\000r}{section.2.2}% 12
\BOOKMARK [2][-]{subsection.2.2.3}{\376\377\000S\000e\000r\000v\000i\000c\000e}{section.2.2}% 13
\BOOKMARK [2][-]{subsection.2.2.4}{\376\377\000R\000e\000p\000o\000s\000i\000t\000o\000r\000y}{section.2.2}% 14
\BOOKMARK [2][-]{subsection.2.2.5}{\376\377\000A\000l\000t\000r\000i\000\040\000p\000a\000c\000k\000a\000g\000e}{section.2.2}% 15
\BOOKMARK [1][-]{section.2.3}{\376\377\000S\000e\000r\000v\000i\000z\000i\000o\000\040\000T\000r\000a\000n\000s\000a\000z\000i\000o\000n\000i}{chapter.2}% 16
\BOOKMARK [2][-]{subsection.2.3.1}{\376\377\000C\000o\000n\000f\000i\000g\000u\000r\000a\000t\000i\000o\000n}{section.2.3}% 17
\BOOKMARK [2][-]{subsection.2.3.2}{\376\377\000C\000o\000n\000t\000r\000o\000l\000l\000e\000r}{section.2.3}% 18
\BOOKMARK [2][-]{subsection.2.3.3}{\376\377\000S\000e\000r\000v\000i\000c\000e}{section.2.3}% 19
\BOOKMARK [2][-]{subsection.2.3.4}{\376\377\000T\000r\000a\000n\000s\000a\000c\000t\000i\000o\000n}{section.2.3}% 20
